<?xml version="1.0" encoding="UTF-8"?>
<testng-results skipped="0" failed="0" ignored="0" total="1" passed="1">
  <reporter-output>
  </reporter-output>
  <suite name="inetbankingversion1" duration-ms="14639" started-at="2021-04-02T16:23:20Z" finished-at="2021-04-02T16:23:34Z">
    <groups>
    </groups>
    <test name="Bankingapp Test" duration-ms="14639" started-at="2021-04-02T16:23:20Z" finished-at="2021-04-02T16:23:34Z">
      <class name="com.inetbanking.testCases.TC_LoginTest_001">
        <test-method status="PASS" signature="setup(java.lang.String)[pri:0, instance:com.inetbanking.testCases.TC_LoginTest_001@5afa04c]" name="setup" is-config="true" duration-ms="3544" started-at="2021-04-02T16:23:20Z" finished-at="2021-04-02T16:23:23Z">
          <params>
            <param index="0">
              <value>
                <![CDATA[chrome]]>
              </value>
            </param>
          </params>
          <reporter-output>
          </reporter-output>
        </test-method> <!-- setup -->
        <test-method status="PASS" signature="loginTest()[pri:0, instance:com.inetbanking.testCases.TC_LoginTest_001@5afa04c]" name="loginTest" duration-ms="10200" started-at="2021-04-02T16:23:23Z" finished-at="2021-04-02T16:23:34Z">
          <reporter-output>
          </reporter-output>
        </test-method> <!-- loginTest -->
        <test-method status="PASS" signature="tearDown()[pri:0, instance:com.inetbanking.testCases.TC_LoginTest_001@5afa04c]" name="tearDown" is-config="true" duration-ms="871" started-at="2021-04-02T16:23:34Z" finished-at="2021-04-02T16:23:34Z">
          <reporter-output>
          </reporter-output>
        </test-method> <!-- tearDown -->
      </class> <!-- com.inetbanking.testCases.TC_LoginTest_001 -->
    </test> <!-- Bankingapp Test -->
  </suite> <!-- inetbankingversion1 -->
</testng-results>
