<?xml version="1.0" encoding="UTF-8"?>
<testng-results skipped="0" failed="0" ignored="0" total="1" passed="1">
  <reporter-output>
  </reporter-output>
  <suite name="inetbankingversion1" duration-ms="23697" started-at="2021-04-06T16:31:22Z" finished-at="2021-04-06T16:31:46Z">
    <groups>
    </groups>
    <test name="Bankingapp Test" duration-ms="23697" started-at="2021-04-06T16:31:22Z" finished-at="2021-04-06T16:31:46Z">
      <class name="com.inetbanking.testCases.TC_EditCustomer">
        <test-method status="PASS" signature="setup(java.lang.String)[pri:0, instance:com.inetbanking.testCases.TC_EditCustomer@1794d431]" name="setup" is-config="true" duration-ms="5703" started-at="2021-04-06T16:31:22Z" finished-at="2021-04-06T16:31:28Z">
          <params>
            <param index="0">
              <value>
                <![CDATA[chrome]]>
              </value>
            </param>
          </params>
          <reporter-output>
          </reporter-output>
        </test-method> <!-- setup -->
        <test-method status="PASS" signature="editCustomer()[pri:0, instance:com.inetbanking.testCases.TC_EditCustomer@1794d431]" name="editCustomer" duration-ms="15074" started-at="2021-04-06T16:31:28Z" finished-at="2021-04-06T16:31:43Z">
          <reporter-output>
          </reporter-output>
        </test-method> <!-- editCustomer -->
        <test-method status="PASS" signature="tearDown()[pri:0, instance:com.inetbanking.testCases.TC_EditCustomer@1794d431]" name="tearDown" is-config="true" duration-ms="2862" started-at="2021-04-06T16:31:43Z" finished-at="2021-04-06T16:31:46Z">
          <reporter-output>
          </reporter-output>
        </test-method> <!-- tearDown -->
      </class> <!-- com.inetbanking.testCases.TC_EditCustomer -->
    </test> <!-- Bankingapp Test -->
  </suite> <!-- inetbankingversion1 -->
</testng-results>
